<?xml version="1.0" encoding="UTF-8"?>
<!-- Generated by org.testng.reporters.JUnitXMLReporter -->
<testsuite ignored="0" hostname="FJOSEBAB1" failures="1" tests="1" name="Test" time="0.521" errors="0" timestamp="2024-12-27T15:59:38 IST">
  <testcase classname="com.thetestingacademy.APIAutomationFrameworkATB9x.Tests.crud.testCreateBooking" name="testVerifyCreateBookingPOST01" time="0.25">
    <failure type="java.lang.NullPointerException" message="Cannot invoke &amp;quot;io.restassured.specification.RequestSpecification.basePath(String)&amp;quot; because &amp;quot;this.requestSpecification&amp;quot; is null">
      <![CDATA[java.lang.NullPointerException: Cannot invoke "io.restassured.specification.RequestSpecification.basePath(String)" because "this.requestSpecification" is null
at com.thetestingacademy.APIAutomationFrameworkATB9x.Tests.crud.testCreateBooking.testVerifyCreateBookingPOST01(testCreateBooking.java:24)
at java.base/java.util.ArrayList.forEach(ArrayList.java:1596)
... Removed 25 stack frames]]>
    </failure>
  </testcase> <!-- testVerifyCreateBookingPOST01 -->
</testsuite> <!-- Test -->
