<?xml version="1.0" encoding="UTF-8"?>
<!-- Generated by org.testng.reporters.JUnitXMLReporter -->
<testsuite ignored="0" hostname="FJOSEBAB1" failures="0" tests="4" name="Default test" time="8.746" errors="0" timestamp="2024-12-27T23:10:29 IST">
  <testcase classname="com.thetestingacademy.APIAutomationFrameworkATB9x.Tests.integration.TestIntegrationFlow" name="testCreateBooking" time="2.894"/>
  <testcase classname="com.thetestingacademy.APIAutomationFrameworkATB9x.Tests.integration.TestIntegrationFlow" name="testVerifyBookingId" time="1.266"/>
  <testcase classname="com.thetestingacademy.APIAutomationFrameworkATB9x.Tests.integration.TestIntegrationFlow" name="testUpdateBookingByID" time="2.418"/>
  <testcase classname="com.thetestingacademy.APIAutomationFrameworkATB9x.Tests.integration.TestIntegrationFlow" name="testDeleteBookingById" time="1.134"/>
</testsuite> <!-- Default test -->
